[debug] [2022-05-18T00:55:59.418Z] ----------------------------------------------------------------------
[debug] [2022-05-18T00:55:59.419Z] Command:       /Users/will/.nvm/versions/node/v16.6.0/bin/node /Users/will/.nvm/versions/node/v16.6.0/bin/firebase emulators:start --only functions
[debug] [2022-05-18T00:55:59.420Z] CLI Version:   10.0.1
[debug] [2022-05-18T00:55:59.420Z] Platform:      darwin
[debug] [2022-05-18T00:55:59.420Z] Node Version:  v16.6.0
[debug] [2022-05-18T00:55:59.421Z] Time:          Tue May 17 2022 20:55:59 GMT-0400 (Eastern Daylight Time)
[debug] [2022-05-18T00:55:59.421Z] ----------------------------------------------------------------------
[debug] 
[debug] [2022-05-18T00:55:59.486Z] > command requires scopes: ["email","openid","https://www.googleapis.com/auth/cloudplatformprojects.readonly","https://www.googleapis.com/auth/firebase","https://www.googleapis.com/auth/cloud-platform"]
[debug] [2022-05-18T00:55:59.487Z] > authorizing via signed-in user (will@willholley.com)
[info] i  emulators: Starting emulators: functions {"metadata":{"emulator":{"name":"hub"},"message":"Starting emulators: functions"}}
[debug] [2022-05-18T00:55:59.501Z] [hub] writing locator at /var/folders/6k/_35fycds6cz0ymn3wfhwtq0m0000gn/T/hub-taterdao.json
[warn] ⚠  functions: The following emulators are not running, calls to these services from the Functions emulator will affect production: auth, firestore, database, hosting, pubsub, storage {"metadata":{"emulator":{"name":"functions"},"message":"The following emulators are not running, calls to these services from the Functions emulator will affect production: \u001b[1mauth, firestore, database, hosting, pubsub, storage\u001b[22m"}}
[info] ✔  functions: Using node@16 from host. {"metadata":{"emulator":{"name":"functions"},"message":"Using node@16 from host."}}
[debug] [2022-05-18T00:55:59.524Z] defaultcredentials: writing to file /Users/will/.config/firebase/will_willholley_com_application_default_credentials.json
[debug] [2022-05-18T00:55:59.526Z] Setting GAC to /Users/will/.config/firebase/will_willholley_com_application_default_credentials.json {"metadata":{"emulator":{"name":"functions"},"message":"Setting GAC to /Users/will/.config/firebase/will_willholley_com_application_default_credentials.json"}}
[debug] [2022-05-18T00:55:59.529Z] >>> [apiv2][query] GET https://firebase.googleapis.com/v1beta1/projects/taterdao/adminSdkConfig [none]
[debug] [2022-05-18T00:55:59.988Z] <<< [apiv2][status] GET https://firebase.googleapis.com/v1beta1/projects/taterdao/adminSdkConfig 200
[debug] [2022-05-18T00:55:59.989Z] <<< [apiv2][body] GET https://firebase.googleapis.com/v1beta1/projects/taterdao/adminSdkConfig {"projectId":"taterdao","storageBucket":"taterdao.appspot.com"}
[debug] [2022-05-18T00:56:00.035Z] Ignoring unsupported arg: auto_download {"metadata":{"emulator":{"name":"ui"},"message":"Ignoring unsupported arg: auto_download"}}
[debug] [2022-05-18T00:56:00.036Z] Ignoring unsupported arg: port {"metadata":{"emulator":{"name":"ui"},"message":"Ignoring unsupported arg: port"}}
[debug] [2022-05-18T00:56:00.036Z] Starting Emulator UI with command {"binary":"node","args":["/Users/will/.cache/firebase/emulators/ui-v1.6.4/server.bundle.js"],"optionalArgs":[],"joinArgs":false} {"metadata":{"emulator":{"name":"ui"},"message":"Starting Emulator UI with command {\"binary\":\"node\",\"args\":[\"/Users/will/.cache/firebase/emulators/ui-v1.6.4/server.bundle.js\"],\"optionalArgs\":[],\"joinArgs\":false}"}}
[info] i  ui: Emulator UI logging to ui-debug.log {"metadata":{"emulator":{"name":"ui"},"message":"Emulator UI logging to \u001b[1mui-debug.log\u001b[22m"}}
[debug] [2022-05-18T00:56:00.149Z] Web / API server started at localhost:4000
 {"metadata":{"emulator":{"name":"ui"},"message":"Web / API server started at localhost:4000\n"}}
[info] i  functions: Watching "/Users/will/Code/721/clients/taterdao/packages/indexer" for Cloud Functions... {"metadata":{"emulator":{"name":"functions"},"message":"Watching \"/Users/will/Code/721/clients/taterdao/packages/indexer\" for Cloud Functions..."}}
[debug] [2022-05-18T00:56:00.332Z] [worker-pool] addWorker(~diagnostic~) {"metadata":{"emulator":{"name":"functions"},"message":"[worker-pool] addWorker(~diagnostic~)"}}
[debug] [2022-05-18T00:56:00.332Z] [worker-pool] Adding worker with key ~diagnostic~, total=1 {"metadata":{"emulator":{"name":"functions"},"message":"[worker-pool] Adding worker with key ~diagnostic~, total=1"}}
[debug] [2022-05-18T00:56:00.333Z] [worker-pool] submitWork(triggerId=) {"metadata":{"emulator":{"name":"functions"},"message":"[worker-pool] submitWork(triggerId=)"}}
[debug] [2022-05-18T00:56:00.333Z] [worker-~diagnostic~-9197fef5-40d4-4c70-951c-bc2cbabd92c2]: Assigning socketPath: /var/folders/6k/_35fycds6cz0ymn3wfhwtq0m0000gn/T/fire_emu_78134.sock {"metadata":{"emulator":{"name":"functions"},"message":"[worker-~diagnostic~-9197fef5-40d4-4c70-951c-bc2cbabd92c2]: Assigning socketPath: /var/folders/6k/_35fycds6cz0ymn3wfhwtq0m0000gn/T/fire_emu_78134.sock"}}
[debug] [2022-05-18T00:56:00.333Z] [worker-~diagnostic~-9197fef5-40d4-4c70-951c-bc2cbabd92c2]: BUSY {"metadata":{"emulator":{"name":"functions"},"message":"[worker-~diagnostic~-9197fef5-40d4-4c70-951c-bc2cbabd92c2]: BUSY"}}
[debug] [2022-05-18T00:56:00.406Z] Functions emulator received unknown request at path /api/v0/swarm/peers
[debug] [2022-05-18T00:56:00.425Z] [runtime-status] [78134] Functions runtime initialized. {"cwd":"/Users/will/Code/721/clients/taterdao/packages/indexer","node_version":"16.6.0"} {"metadata":{"emulator":{"name":"functions"},"message":"[runtime-status] [78134] Functions runtime initialized. {\"cwd\":\"/Users/will/Code/721/clients/taterdao/packages/indexer\",\"node_version\":\"16.6.0\"}"}}
[debug] [2022-05-18T00:56:00.426Z] [runtime-status] [78134] Disabled runtime features: undefined {"metadata":{"emulator":{"name":"functions"},"message":"[runtime-status] [78134] Disabled runtime features: undefined"}}
[debug] [2022-05-18T00:56:00.428Z] [runtime-status] [78134] Resolved module firebase-admin {"declared":true,"installed":true,"version":"9.12.0","resolution":"/Users/will/Code/721/clients/taterdao/packages/indexer/node_modules/firebase-admin/lib/index.js"} {"metadata":{"emulator":{"name":"functions"},"message":"[runtime-status] [78134] Resolved module firebase-admin {\"declared\":true,\"installed\":true,\"version\":\"9.12.0\",\"resolution\":\"/Users/will/Code/721/clients/taterdao/packages/indexer/node_modules/firebase-admin/lib/index.js\"}"}}
[debug] [2022-05-18T00:56:00.430Z] [runtime-status] [78134] Resolved module firebase-functions {"declared":true,"installed":true,"version":"3.21.2","resolution":"/Users/will/Code/721/clients/taterdao/packages/indexer/node_modules/firebase-functions/lib/index.js"} {"metadata":{"emulator":{"name":"functions"},"message":"[runtime-status] [78134] Resolved module firebase-functions {\"declared\":true,\"installed\":true,\"version\":\"3.21.2\",\"resolution\":\"/Users/will/Code/721/clients/taterdao/packages/indexer/node_modules/firebase-functions/lib/index.js\"}"}}
[debug] [2022-05-18T00:56:00.431Z] [runtime-status] [78134] Outgoing network have been stubbed. [{"name":"http","status":"mocked"},{"name":"http","status":"mocked"},{"name":"https","status":"mocked"},{"name":"https","status":"mocked"},{"name":"net","status":"mocked"}] {"metadata":{"emulator":{"name":"functions"},"message":"[runtime-status] [78134] Outgoing network have been stubbed. [{\"name\":\"http\",\"status\":\"mocked\"},{\"name\":\"http\",\"status\":\"mocked\"},{\"name\":\"https\",\"status\":\"mocked\"},{\"name\":\"https\",\"status\":\"mocked\"},{\"name\":\"net\",\"status\":\"mocked\"}]"}}
[debug] [2022-05-18T00:56:00.432Z] [runtime-status] [78134] Resolved module firebase-functions {"declared":true,"installed":true,"version":"3.21.2","resolution":"/Users/will/Code/721/clients/taterdao/packages/indexer/node_modules/firebase-functions/lib/index.js"} {"metadata":{"emulator":{"name":"functions"},"message":"[runtime-status] [78134] Resolved module firebase-functions {\"declared\":true,\"installed\":true,\"version\":\"3.21.2\",\"resolution\":\"/Users/will/Code/721/clients/taterdao/packages/indexer/node_modules/firebase-functions/lib/index.js\"}"}}
[debug] [2022-05-18T00:56:00.462Z] [runtime-status] [78134] Checked functions.config() {"config":{}} {"metadata":{"emulator":{"name":"functions"},"message":"[runtime-status] [78134] Checked functions.config() {\"config\":{}}"}}
[debug] [2022-05-18T00:56:00.462Z] [runtime-status] [78134] firebase-functions has been stubbed. {"functionsResolution":{"declared":true,"installed":true,"version":"3.21.2","resolution":"/Users/will/Code/721/clients/taterdao/packages/indexer/node_modules/firebase-functions/lib/index.js"}} {"metadata":{"emulator":{"name":"functions"},"message":"[runtime-status] [78134] firebase-functions has been stubbed. {\"functionsResolution\":{\"declared\":true,\"installed\":true,\"version\":\"3.21.2\",\"resolution\":\"/Users/will/Code/721/clients/taterdao/packages/indexer/node_modules/firebase-functions/lib/index.js\"}}"}}
[debug] [2022-05-18T00:56:00.463Z] [runtime-status] [78134] Resolved module firebase-functions {"declared":true,"installed":true,"version":"3.21.2","resolution":"/Users/will/Code/721/clients/taterdao/packages/indexer/node_modules/firebase-functions/lib/index.js"} {"metadata":{"emulator":{"name":"functions"},"message":"[runtime-status] [78134] Resolved module firebase-functions {\"declared\":true,\"installed\":true,\"version\":\"3.21.2\",\"resolution\":\"/Users/will/Code/721/clients/taterdao/packages/indexer/node_modules/firebase-functions/lib/index.js\"}"}}
[debug] [2022-05-18T00:56:00.464Z] [runtime-status] [78134] Resolved module firebase-admin {"declared":true,"installed":true,"version":"9.12.0","resolution":"/Users/will/Code/721/clients/taterdao/packages/indexer/node_modules/firebase-admin/lib/index.js"} {"metadata":{"emulator":{"name":"functions"},"message":"[runtime-status] [78134] Resolved module firebase-admin {\"declared\":true,\"installed\":true,\"version\":\"9.12.0\",\"resolution\":\"/Users/will/Code/721/clients/taterdao/packages/indexer/node_modules/firebase-admin/lib/index.js\"}"}}
[debug] [2022-05-18T00:56:00.464Z] [runtime-status] [78134] Resolved module firebase-functions {"declared":true,"installed":true,"version":"3.21.2","resolution":"/Users/will/Code/721/clients/taterdao/packages/indexer/node_modules/firebase-functions/lib/index.js"} {"metadata":{"emulator":{"name":"functions"},"message":"[runtime-status] [78134] Resolved module firebase-functions {\"declared\":true,\"installed\":true,\"version\":\"3.21.2\",\"resolution\":\"/Users/will/Code/721/clients/taterdao/packages/indexer/node_modules/firebase-functions/lib/index.js\"}"}}
[debug] [2022-05-18T00:56:00.464Z] [runtime-status] [78134] firebase-admin has been stubbed. {"adminResolution":{"declared":true,"installed":true,"version":"9.12.0","resolution":"/Users/will/Code/721/clients/taterdao/packages/indexer/node_modules/firebase-admin/lib/index.js"}} {"metadata":{"emulator":{"name":"functions"},"message":"[runtime-status] [78134] firebase-admin has been stubbed. {\"adminResolution\":{\"declared\":true,\"installed\":true,\"version\":\"9.12.0\",\"resolution\":\"/Users/will/Code/721/clients/taterdao/packages/indexer/node_modules/firebase-admin/lib/index.js\"}}"}}
[info] ✔  functions[us-central1-helloWorld]: http function initialized (http://localhost:5001/taterdao/us-central1/helloWorld). {"metadata":{"emulator":{"name":"functions"},"message":"\u001b[1mhttp\u001b[22m function initialized (http://localhost:5001/taterdao/us-central1/helloWorld)."}}
[info] 
┌─────────────────────────────────────────────────────────────┐
│ ✔  All emulators ready! It is now safe to connect your app. │
│ i  View Emulator UI at http://localhost:4000                │
└─────────────────────────────────────────────────────────────┘

┌───────────┬────────────────┬─────────────────────────────────┐
│ Emulator  │ Host:Port      │ View in Emulator UI             │
├───────────┼────────────────┼─────────────────────────────────┤
│ Functions │ localhost:5001 │ http://localhost:4000/functions │
└───────────┴────────────────┴─────────────────────────────────┘
  Emulator Hub running at localhost:4400
  Other reserved ports: 4500

Issues? Report them at https://github.com/firebase/firebase-tools/issues and attach the *-debug.log files.
 
[debug] [2022-05-18T00:56:00.469Z] [worker-~diagnostic~-9197fef5-40d4-4c70-951c-bc2cbabd92c2]: IDLE {"metadata":{"emulator":{"name":"functions"},"message":"[worker-~diagnostic~-9197fef5-40d4-4c70-951c-bc2cbabd92c2]: IDLE"}}
[debug] [2022-05-18T00:56:03.421Z] Functions emulator received unknown request at path /api/v0/swarm/peers
[debug] [2022-05-18T00:56:06.416Z] Functions emulator received unknown request at path /api/v0/swarm/peers
[debug] [2022-05-18T00:56:09.494Z] Functions emulator received unknown request at path /api/v0/swarm/peers
[debug] [2022-05-18T00:56:10.125Z] [work-queue] {"queueLength":1,"workRunningCount":0}
[debug] [2022-05-18T00:56:10.127Z] [work-queue] {"queueLength":0,"workRunningCount":1}
[debug] [2022-05-18T00:56:10.128Z] Accepted request GET /taterdao/us-central1/helloWorld --> us-central1-helloWorld
[debug] [2022-05-18T00:56:10.152Z] [worker-pool] addWorker(us-central1-helloWorld) {"metadata":{"emulator":{"name":"functions"},"message":"[worker-pool] addWorker(us-central1-helloWorld)"}}
[debug] [2022-05-18T00:56:10.153Z] [worker-pool] Adding worker with key us-central1-helloWorld, total=1 {"metadata":{"emulator":{"name":"functions"},"message":"[worker-pool] Adding worker with key us-central1-helloWorld, total=1"}}
[debug] [2022-05-18T00:56:10.153Z] [worker-pool] submitWork(triggerId=us-central1-helloWorld) {"metadata":{"emulator":{"name":"functions"},"message":"[worker-pool] submitWork(triggerId=us-central1-helloWorld)"}}
[debug] [2022-05-18T00:56:10.153Z] [worker-us-central1-helloWorld-2b923704-a88f-4c40-9c1f-d965fe74f2a8]: Assigning socketPath: /var/folders/6k/_35fycds6cz0ymn3wfhwtq0m0000gn/T/fire_emu_78150.sock {"metadata":{"emulator":{"name":"functions"},"message":"[worker-us-central1-helloWorld-2b923704-a88f-4c40-9c1f-d965fe74f2a8]: Assigning socketPath: /var/folders/6k/_35fycds6cz0ymn3wfhwtq0m0000gn/T/fire_emu_78150.sock"}}
[debug] [2022-05-18T00:56:10.153Z] [worker-us-central1-helloWorld-2b923704-a88f-4c40-9c1f-d965fe74f2a8]: BUSY {"metadata":{"emulator":{"name":"functions"},"message":"[worker-us-central1-helloWorld-2b923704-a88f-4c40-9c1f-d965fe74f2a8]: BUSY"}}
[debug] [2022-05-18T00:56:10.266Z] [runtime-status] [78150] Functions runtime initialized. {"cwd":"/Users/will/Code/721/clients/taterdao/packages/indexer","node_version":"16.6.0"} {"metadata":{"emulator":{"name":"functions"},"function":{"name":"us-central1-helloWorld"},"message":"[runtime-status] [78150] Functions runtime initialized. {\"cwd\":\"/Users/will/Code/721/clients/taterdao/packages/indexer\",\"node_version\":\"16.6.0\"}"}}
[debug] [2022-05-18T00:56:10.267Z] [runtime-status] [78150] Disabled runtime features: undefined {"metadata":{"emulator":{"name":"functions"},"function":{"name":"us-central1-helloWorld"},"message":"[runtime-status] [78150] Disabled runtime features: undefined"}}
[debug] [2022-05-18T00:56:10.270Z] [runtime-status] [78150] Resolved module firebase-admin {"declared":true,"installed":true,"version":"9.12.0","resolution":"/Users/will/Code/721/clients/taterdao/packages/indexer/node_modules/firebase-admin/lib/index.js"} {"metadata":{"emulator":{"name":"functions"},"function":{"name":"us-central1-helloWorld"},"message":"[runtime-status] [78150] Resolved module firebase-admin {\"declared\":true,\"installed\":true,\"version\":\"9.12.0\",\"resolution\":\"/Users/will/Code/721/clients/taterdao/packages/indexer/node_modules/firebase-admin/lib/index.js\"}"}}
[debug] [2022-05-18T00:56:10.272Z] [runtime-status] [78150] Resolved module firebase-functions {"declared":true,"installed":true,"version":"3.21.2","resolution":"/Users/will/Code/721/clients/taterdao/packages/indexer/node_modules/firebase-functions/lib/index.js"} {"metadata":{"emulator":{"name":"functions"},"function":{"name":"us-central1-helloWorld"},"message":"[runtime-status] [78150] Resolved module firebase-functions {\"declared\":true,\"installed\":true,\"version\":\"3.21.2\",\"resolution\":\"/Users/will/Code/721/clients/taterdao/packages/indexer/node_modules/firebase-functions/lib/index.js\"}"}}
[debug] [2022-05-18T00:56:10.273Z] [runtime-status] [78150] Outgoing network have been stubbed. [{"name":"http","status":"mocked"},{"name":"http","status":"mocked"},{"name":"https","status":"mocked"},{"name":"https","status":"mocked"},{"name":"net","status":"mocked"}] {"metadata":{"emulator":{"name":"functions"},"function":{"name":"us-central1-helloWorld"},"message":"[runtime-status] [78150] Outgoing network have been stubbed. [{\"name\":\"http\",\"status\":\"mocked\"},{\"name\":\"http\",\"status\":\"mocked\"},{\"name\":\"https\",\"status\":\"mocked\"},{\"name\":\"https\",\"status\":\"mocked\"},{\"name\":\"net\",\"status\":\"mocked\"}]"}}
[debug] [2022-05-18T00:56:10.274Z] [runtime-status] [78150] Resolved module firebase-functions {"declared":true,"installed":true,"version":"3.21.2","resolution":"/Users/will/Code/721/clients/taterdao/packages/indexer/node_modules/firebase-functions/lib/index.js"} {"metadata":{"emulator":{"name":"functions"},"function":{"name":"us-central1-helloWorld"},"message":"[runtime-status] [78150] Resolved module firebase-functions {\"declared\":true,\"installed\":true,\"version\":\"3.21.2\",\"resolution\":\"/Users/will/Code/721/clients/taterdao/packages/indexer/node_modules/firebase-functions/lib/index.js\"}"}}
[debug] [2022-05-18T00:56:10.302Z] [runtime-status] [78150] Checked functions.config() {"config":{}} {"metadata":{"emulator":{"name":"functions"},"function":{"name":"us-central1-helloWorld"},"message":"[runtime-status] [78150] Checked functions.config() {\"config\":{}}"}}
[debug] [2022-05-18T00:56:10.302Z] [runtime-status] [78150] firebase-functions has been stubbed. {"functionsResolution":{"declared":true,"installed":true,"version":"3.21.2","resolution":"/Users/will/Code/721/clients/taterdao/packages/indexer/node_modules/firebase-functions/lib/index.js"}} {"metadata":{"emulator":{"name":"functions"},"function":{"name":"us-central1-helloWorld"},"message":"[runtime-status] [78150] firebase-functions has been stubbed. {\"functionsResolution\":{\"declared\":true,\"installed\":true,\"version\":\"3.21.2\",\"resolution\":\"/Users/will/Code/721/clients/taterdao/packages/indexer/node_modules/firebase-functions/lib/index.js\"}}"}}
[debug] [2022-05-18T00:56:10.303Z] [runtime-status] [78150] Resolved module firebase-functions {"declared":true,"installed":true,"version":"3.21.2","resolution":"/Users/will/Code/721/clients/taterdao/packages/indexer/node_modules/firebase-functions/lib/index.js"} {"metadata":{"emulator":{"name":"functions"},"function":{"name":"us-central1-helloWorld"},"message":"[runtime-status] [78150] Resolved module firebase-functions {\"declared\":true,\"installed\":true,\"version\":\"3.21.2\",\"resolution\":\"/Users/will/Code/721/clients/taterdao/packages/indexer/node_modules/firebase-functions/lib/index.js\"}"}}
[debug] [2022-05-18T00:56:10.304Z] [runtime-status] [78150] Resolved module firebase-admin {"declared":true,"installed":true,"version":"9.12.0","resolution":"/Users/will/Code/721/clients/taterdao/packages/indexer/node_modules/firebase-admin/lib/index.js"} {"metadata":{"emulator":{"name":"functions"},"function":{"name":"us-central1-helloWorld"},"message":"[runtime-status] [78150] Resolved module firebase-admin {\"declared\":true,\"installed\":true,\"version\":\"9.12.0\",\"resolution\":\"/Users/will/Code/721/clients/taterdao/packages/indexer/node_modules/firebase-admin/lib/index.js\"}"}}
[debug] [2022-05-18T00:56:10.304Z] [runtime-status] [78150] Resolved module firebase-functions {"declared":true,"installed":true,"version":"3.21.2","resolution":"/Users/will/Code/721/clients/taterdao/packages/indexer/node_modules/firebase-functions/lib/index.js"} {"metadata":{"emulator":{"name":"functions"},"function":{"name":"us-central1-helloWorld"},"message":"[runtime-status] [78150] Resolved module firebase-functions {\"declared\":true,\"installed\":true,\"version\":\"3.21.2\",\"resolution\":\"/Users/will/Code/721/clients/taterdao/packages/indexer/node_modules/firebase-functions/lib/index.js\"}"}}
[debug] [2022-05-18T00:56:10.304Z] [runtime-status] [78150] firebase-admin has been stubbed. {"adminResolution":{"declared":true,"installed":true,"version":"9.12.0","resolution":"/Users/will/Code/721/clients/taterdao/packages/indexer/node_modules/firebase-admin/lib/index.js"}} {"metadata":{"emulator":{"name":"functions"},"function":{"name":"us-central1-helloWorld"},"message":"[runtime-status] [78150] firebase-admin has been stubbed. {\"adminResolution\":{\"declared\":true,\"installed\":true,\"version\":\"9.12.0\",\"resolution\":\"/Users/will/Code/721/clients/taterdao/packages/indexer/node_modules/firebase-admin/lib/index.js\"}}"}}
[debug] [2022-05-18T00:56:10.306Z] [runtime-status] [78150] Trigger "us-central1-helloWorld" has been found, beginning invocation! {"metadata":{"emulator":{"name":"functions"},"function":{"name":"us-central1-helloWorld"},"message":"[runtime-status] [78150] Trigger \"us-central1-helloWorld\" has been found, beginning invocation!"}}
[info] i  functions: Beginning execution of "us-central1-helloWorld" {"metadata":{"emulator":{"name":"functions"},"function":{"name":"us-central1-helloWorld"},"message":"Beginning execution of \"us-central1-helloWorld\""}}
[debug] [2022-05-18T00:56:10.307Z] [runtime-status] [78150] triggerDefinition {"httpsTrigger":{},"name":"helloWorld","entryPoint":"helloWorld","regions":["us-central1"],"region":"us-central1","id":"us-central1-helloWorld","platform":"gcfv1"} {"metadata":{"emulator":{"name":"functions"},"function":{"name":"us-central1-helloWorld"},"message":"[runtime-status] [78150] triggerDefinition {\"httpsTrigger\":{},\"name\":\"helloWorld\",\"entryPoint\":\"helloWorld\",\"regions\":[\"us-central1\"],\"region\":\"us-central1\",\"id\":\"us-central1-helloWorld\",\"platform\":\"gcfv1\"}"}}
[debug] [2022-05-18T00:56:10.307Z] [runtime-status] [78150] Running us-central1-helloWorld in signature http {"metadata":{"emulator":{"name":"functions"},"function":{"name":"us-central1-helloWorld"},"message":"[runtime-status] [78150] Running us-central1-helloWorld in signature http"}}
[debug] [2022-05-18T00:56:10.314Z] [runtime-status] [78150] Attempting to listen to socketPath: /var/folders/6k/_35fycds6cz0ymn3wfhwtq0m0000gn/T/fire_emu_78150.sock {"metadata":{"emulator":{"name":"functions"},"function":{"name":"us-central1-helloWorld"},"message":"[runtime-status] [78150] Attempting to listen to socketPath: /var/folders/6k/_35fycds6cz0ymn3wfhwtq0m0000gn/T/fire_emu_78150.sock"}}
[debug] [2022-05-18T00:56:10.317Z] [functions] Runtime ready! Sending request! {"metadata":{"emulator":{"name":"functions"},"message":"[functions] Runtime ready! Sending request!"}}
[debug] [2022-05-18T00:56:10.318Z] [functions] Got req.url=/taterdao/us-central1/helloWorld, mapping to path=/ {"metadata":{"emulator":{"name":"functions"},"message":"[functions] Got req.url=/taterdao/us-central1/helloWorld, mapping to path=/"}}
[debug] [2022-05-18T00:56:10.323Z] [runtime-status] [78150] Ephemeral server handling GET request {"metadata":{"emulator":{"name":"functions"},"function":{"name":"us-central1-helloWorld"},"message":"[runtime-status] [78150] Ephemeral server handling GET request"}}
[info] >  {"structuredData":true,"severity":"INFO","message":"Hello logs!"} {"user":{"structuredData":true,"severity":"INFO","message":"Hello logs!"},"metadata":{"emulator":{"name":"functions"},"function":{"name":"us-central1-helloWorld"},"message":"\u001b[90m> \u001b[39m {\"structuredData\":true,\"severity\":\"INFO\",\"message\":\"Hello logs!\"}"}}
[debug] [2022-05-18T00:56:10.333Z] [runtime-status] [78150] Ephemeral server survived. {"metadata":{"emulator":{"name":"functions"},"function":{"name":"us-central1-helloWorld"},"message":"[runtime-status] [78150] Ephemeral server survived."}}
[info] i  functions: Finished "us-central1-helloWorld" in ~1s {"metadata":{"emulator":{"name":"functions"},"function":{"name":"us-central1-helloWorld"},"message":"Finished \"us-central1-helloWorld\" in ~1s"}}
[debug] [2022-05-18T00:56:10.339Z] [worker-us-central1-helloWorld-2b923704-a88f-4c40-9c1f-d965fe74f2a8]: IDLE {"metadata":{"emulator":{"name":"functions"},"message":"[worker-us-central1-helloWorld-2b923704-a88f-4c40-9c1f-d965fe74f2a8]: IDLE"}}
[debug] [2022-05-18T00:56:10.340Z] [work-queue] {"queueLength":0,"workRunningCount":0}
[debug] [2022-05-18T00:56:10.398Z] Functions emulator received unknown request at path /favicon.ico
[debug] [2022-05-18T00:56:12.419Z] Functions emulator received unknown request at path /api/v0/swarm/peers
[debug] [2022-05-18T00:56:15.425Z] Functions emulator received unknown request at path /api/v0/swarm/peers
[debug] [2022-05-18T00:56:18.589Z] Functions emulator received unknown request at path /api/v0/swarm/peers
[debug] [2022-05-18T00:56:21.441Z] Functions emulator received unknown request at path /api/v0/swarm/peers
